[09-Aug-2025 20:03:12 UTC] DASHBOARD.PHP: Script started at 2025-08-09 20:03:12
[09-Aug-2025 20:03:12 UTC] DASHBOARD.PHP: Starting session
[09-Aug-2025 20:03:12 UTC] DASHBOARD.PHP: Including database config
[09-Aug-2025 20:03:12 UTC] DASHBOARD.PHP: Initializing database
[09-Aug-2025 20:03:12 UTC] DASHBOARD.PHP: Admin logged in, getting statistics
[09-Aug-2025 20:03:12 UTC] DASHBOARD.PHP: id_cards table exists, getting stats
[09-Aug-2025 20:03:12 UTC] DASHBOARD.PHP: Statistics retrieved - Total: 1, Active: 1, Expired: 0
[09-Aug-2025 20:03:12 UTC] DASHBOARD.PHP: Additional data retrieved successfully
[09-Aug-2025 20:03:17 UTC] DASHBOARD.PHP: Script started at 2025-08-09 20:03:17
[09-Aug-2025 20:03:17 UTC] DASHBOARD.PHP: Starting session
[09-Aug-2025 20:03:17 UTC] DASHBOARD.PHP: Including database config
[09-Aug-2025 20:03:17 UTC] DASHBOARD.PHP: Initializing database
[09-Aug-2025 20:03:17 UTC] DASHBOARD.PHP: Admin logged in, getting statistics
[09-Aug-2025 20:03:17 UTC] DASHBOARD.PHP: id_cards table exists, getting stats
[09-Aug-2025 20:03:17 UTC] DASHBOARD.PHP: Statistics retrieved - Total: 1, Active: 1, Expired: 0
[09-Aug-2025 20:03:17 UTC] DASHBOARD.PHP: Additional data retrieved successfully
[09-Aug-2025 20:03:21 UTC] DASHBOARD.PHP: Script started at 2025-08-09 20:03:21
[09-Aug-2025 20:03:21 UTC] DASHBOARD.PHP: Starting session
[09-Aug-2025 20:03:21 UTC] DASHBOARD.PHP: Including database config
[09-Aug-2025 20:03:21 UTC] DASHBOARD.PHP: Initializing database
[09-Aug-2025 20:03:21 UTC] DASHBOARD.PHP: Admin logged in, getting statistics
[09-Aug-2025 20:03:21 UTC] DASHBOARD.PHP: id_cards table exists, getting stats
[09-Aug-2025 20:03:21 UTC] DASHBOARD.PHP: Statistics retrieved - Total: 1, Active: 1, Expired: 0
[09-Aug-2025 20:03:21 UTC] DASHBOARD.PHP: Additional data retrieved successfully
[09-Aug-2025 20:03:25 UTC] DASHBOARD.PHP: Script started at 2025-08-09 20:03:25
[09-Aug-2025 20:03:25 UTC] DASHBOARD.PHP: Starting session
[09-Aug-2025 20:03:25 UTC] DASHBOARD.PHP: Including database config
[09-Aug-2025 20:03:25 UTC] DASHBOARD.PHP: Initializing database
[09-Aug-2025 20:03:25 UTC] DASHBOARD.PHP: Admin logged in, getting statistics
[09-Aug-2025 20:03:25 UTC] DASHBOARD.PHP: id_cards table exists, getting stats
[09-Aug-2025 20:03:25 UTC] DASHBOARD.PHP: Statistics retrieved - Total: 1, Active: 1, Expired: 0
[09-Aug-2025 20:03:25 UTC] DASHBOARD.PHP: Additional data retrieved successfully
[09-Aug-2025 20:03:30 UTC] DASHBOARD.PHP: Script started at 2025-08-09 20:03:30
[09-Aug-2025 20:03:30 UTC] DASHBOARD.PHP: Starting session
[09-Aug-2025 20:03:30 UTC] DASHBOARD.PHP: Including database config
[09-Aug-2025 20:03:30 UTC] DASHBOARD.PHP: Initializing database
[09-Aug-2025 20:03:30 UTC] DASHBOARD.PHP: Admin logged in, getting statistics
[09-Aug-2025 20:03:30 UTC] DASHBOARD.PHP: id_cards table exists, getting stats
[09-Aug-2025 20:03:30 UTC] DASHBOARD.PHP: Statistics retrieved - Total: 1, Active: 1, Expired: 0
[09-Aug-2025 20:03:30 UTC] DASHBOARD.PHP: Additional data retrieved successfully
[09-Aug-2025 20:04:23 UTC] DASHBOARD.PHP: Script started at 2025-08-09 20:04:23
[09-Aug-2025 20:04:23 UTC] DASHBOARD.PHP: Starting session
[09-Aug-2025 20:04:23 UTC] DASHBOARD.PHP: Including database config
[09-Aug-2025 20:04:23 UTC] DASHBOARD.PHP: Initializing database
[09-Aug-2025 20:04:23 UTC] DASHBOARD.PHP: Admin logged in, getting statistics
[09-Aug-2025 20:04:23 UTC] DASHBOARD.PHP: id_cards table exists, getting stats
[09-Aug-2025 20:04:23 UTC] DASHBOARD.PHP: Statistics retrieved - Total: 1, Active: 1, Expired: 0
[09-Aug-2025 20:04:23 UTC] DASHBOARD.PHP: Additional data retrieved successfully
[09-Aug-2025 20:04:25 UTC] DASHBOARD.PHP: Script started at 2025-08-09 20:04:25
[09-Aug-2025 20:04:25 UTC] DASHBOARD.PHP: Starting session
[09-Aug-2025 20:04:25 UTC] DASHBOARD.PHP: Including database config
[09-Aug-2025 20:04:25 UTC] DASHBOARD.PHP: Initializing database
[09-Aug-2025 20:04:25 UTC] DASHBOARD.PHP: Admin logged in, getting statistics
[09-Aug-2025 20:04:25 UTC] DASHBOARD.PHP: id_cards table exists, getting stats
[09-Aug-2025 20:04:25 UTC] DASHBOARD.PHP: Statistics retrieved - Total: 1, Active: 1, Expired: 0
[09-Aug-2025 20:04:25 UTC] DASHBOARD.PHP: Additional data retrieved successfully
[09-Aug-2025 20:04:26 UTC] DASHBOARD.PHP: Script started at 2025-08-09 20:04:26
[09-Aug-2025 20:04:26 UTC] DASHBOARD.PHP: Starting session
[09-Aug-2025 20:04:26 UTC] DASHBOARD.PHP: Including database config
[09-Aug-2025 20:04:26 UTC] DASHBOARD.PHP: Initializing database
[09-Aug-2025 20:04:26 UTC] DASHBOARD.PHP: Admin logged in, getting statistics
[09-Aug-2025 20:04:26 UTC] DASHBOARD.PHP: id_cards table exists, getting stats
[09-Aug-2025 20:04:26 UTC] DASHBOARD.PHP: Statistics retrieved - Total: 1, Active: 1, Expired: 0
[09-Aug-2025 20:04:26 UTC] DASHBOARD.PHP: Additional data retrieved successfully
